TN:
SF:src/controllers/users.js
FN:4,createAnonUser
FN:11,getUserById
FN:16,getUserByUsername
FNF:3
FNH:3
FNDA:1,createAnonUser
FNDA:1,getUserById
FNDA:1,getUserByUsername
DA:1,1
DA:2,1
DA:5,1
DA:8,1
DA:12,1
DA:13,1
DA:17,1
DA:20,1
LF:8
LH:8
BRDA:12,0,0,0
BRDA:12,0,1,1
BRF:2
BRH:1
end_of_record
TN:
SF:src/db/models.js
FNF:0
FNH:0
DA:1,1
DA:4,1
DA:5,1
DA:10,0
DA:19,1
DA:24,1
DA:29,1
DA:34,1
DA:39,1
DA:48,1
DA:56,1
DA:57,1
DA:59,1
DA:60,1
DA:62,1
DA:63,1
DA:65,1
LF:17
LH:16
BRDA:4,0,0,1
BRDA:4,0,1,0
BRF:2
BRH:1
end_of_record
TN:
SF:src/utils/username.js
FN:21,genRandomUsername
FNF:1
FNH:1
FNDA:1,genRandomUsername
DA:1,1
DA:11,1
DA:22,1
DA:23,1
DA:24,1
DA:27,1
LF:6
LH:6
BRF:0
BRH:0
end_of_record
